<?xml version="1.0" encoding="UTF-8"?>
<!-- Generated by org.testng.reporters.JUnitReportReporter -->
<testsuite hostname="PDCDT016BKTWQ1" name="com.Capita.Adactin.testscripts.TC_02_VerifyInvalidLogin" tests="1" failures="0" timestamp="1 Mar 2018 11:46:09 GMT" time="28.710" errors="0">
  <testcase name="testLogin" time="28.710" classname="com.Capita.Adactin.testscripts.TC_02_VerifyInvalidLogin"/>
</testsuite> <!-- com.Capita.Adactin.testscripts.TC_02_VerifyInvalidLogin -->
