<?xml version="1.0" encoding="UTF-8"?>
<!-- Generated by org.testng.reporters.JUnitReportReporter -->
<testsuite hostname="PDCDT016BKTWQ1" name="com.Capita.Adactin.testscripts.TC_01_VerifyValidLogin" tests="1" failures="0" timestamp="1 Mar 2018 11:25:45 GMT" time="6.796" errors="0">
  <testcase name="testLogin" time="6.796" classname="com.Capita.Adactin.testscripts.TC_01_VerifyValidLogin"/>
</testsuite> <!-- com.Capita.Adactin.testscripts.TC_01_VerifyValidLogin -->
